{
  "stats": {
    "suites": 1,
    "tests": 6,
    "passes": 6,
    "pending": 0,
    "failures": 0,
    "start": "2023-01-27T05:57:15.675Z",
    "end": "2023-01-27T05:57:45.596Z",
    "duration": 29921,
    "testsRegistered": 6,
    "passPercent": 100,
    "pendingPercent": 0,
    "other": 0,
    "hasOther": false,
    "skipped": 0,
    "hasSkipped": false
  },
  "results": [
    {
      "uuid": "30fac476-1df2-4a89-ad42-6ee090619c56",
      "title": "",
      "fullFile": "cypress/e2e/0-Corob/xdata.cy.js",
      "file": "cypress/e2e/0-Corob/xdata.cy.js",
      "beforeHooks": [],
      "afterHooks": [],
      "tests": [],
      "suites": [
        {
          "uuid": "7cd50b1e-18ad-4df0-a3c4-864736b1e4d7",
          "title": "All xdata tests",
          "fullFile": "",
          "file": "",
          "beforeHooks": [],
          "afterHooks": [],
          "tests": [
            {
              "title": "xdata create,upload & delete",
              "fullTitle": "All xdata tests xdata create,upload & delete",
              "timedOut": null,
              "duration": 11146,
              "state": "passed",
              "speed": "slow",
              "pass": true,
              "fail": false,
              "pending": false,
              "context": null,
              "code": "login.Login('varsha@gmail.com', 'password');\ncy.get('#x-data > .label').click();\ncy.get('#x-data-buckets > .label').click();\ncy.get('.table-header-right-container > :nth-child(1)').should('contain', 'Create New');\ncy.get('.table-header-right-container > :nth-child(1)').click();\ncy.get('input[id=\":rb:\"]').type('test_bucket');\ncy.get('.jss78 > .MuiButtonBase-root').click();\ncy.get('.MuiButtonBase-root').should('have.class', 'MuiButtonBase-root');\ncy.get('.swal2-confirm').click(); // upload\ncy.get('.hoverTextCursor').click();\ncy.get('.box-div > div > .MuiButtonBase-root').selectFile('cypress/fixtures/2-0.xdata');\ncy.get('[style=\"display: flex; justify-content: end;\"] > .MuiButtonBase-root').click();\ncy.get('#x-data > .label').click();\ncy.get('#x-data-buckets > .label').click(); // Delete\ncy.get('.action-icon').click();\ncy.get('.jss126 > .MuiButtonBase-root').click();\ncy.get('.MuiButtonBase-root').should('have.class', 'MuiButtonBase-root');\ncy.get('.swal2-confirm').click();",
              "err": {},
              "uuid": "3758565c-d471-4e68-b435-7f4d6da8c4d8",
              "parentUUID": "7cd50b1e-18ad-4df0-a3c4-864736b1e4d7",
              "isHook": false,
              "skipped": false
            },
            {
              "title": "xdata creation with null value",
              "fullTitle": "All xdata tests xdata creation with null value",
              "timedOut": null,
              "duration": 2010,
              "state": "passed",
              "speed": "fast",
              "pass": true,
              "fail": false,
              "pending": false,
              "context": null,
              "code": "login.Login('varsha@gmail.com', 'password');\ncy.get('#x-data > .label').click();\ncy.get('#x-data-buckets > .label').click();\ncy.get('.table-header-right-container > :nth-child(1)').should('contain', 'Create New');\ncy.get('.table-header-right-container > :nth-child(1)').click();\ncy.get('.jss78 > .MuiButtonBase-root').click();\ncy.get('.MuiButtonBase-root').should('have.class', 'MuiButtonBase-root');",
              "err": {},
              "uuid": "47e0b198-20be-401b-bb82-c59fcb32cba3",
              "parentUUID": "7cd50b1e-18ad-4df0-a3c4-864736b1e4d7",
              "isHook": false,
              "skipped": false
            },
            {
              "title": "xdata upload without file ",
              "fullTitle": "All xdata tests xdata upload without file ",
              "timedOut": null,
              "duration": 3348,
              "state": "passed",
              "speed": "fast",
              "pass": true,
              "fail": false,
              "pending": false,
              "context": null,
              "code": "login.Login('varsha@gmail.com', 'password');\ncy.get('#x-data > .label').click();\ncy.get('#x-data-buckets > .label').click();\ncy.get('.table-header-right-container > :nth-child(1)').should('contain', 'Create New');\ncy.get('.table-header-right-container > :nth-child(1)').click();\ncy.get('input[id=\":rb:\"]').type('test_bucket');\ncy.get('.jss78 > .MuiButtonBase-root').click();\ncy.get('.MuiButtonBase-root').should('have.class', 'MuiButtonBase-root');\ncy.get('.swal2-confirm').click(); // upload\ncy.get('.hoverTextCursor').click();\ncy.get('[style=\"display: flex; justify-content: end;\"] > .MuiButtonBase-root').click();\ncy.get('#x-data > .label').click();\ncy.get('#x-data-buckets > .label').click(); // Delete\ncy.get('.action-icon').click();\ncy.get('.jss126 > .MuiButtonBase-root').click();\ncy.get('.MuiButtonBase-root').should('have.class', 'MuiButtonBase-root');\ncy.get('.swal2-confirm').click();",
              "err": {},
              "uuid": "c8ca7e77-78de-452d-8f29-eaded99f3cb4",
              "parentUUID": "7cd50b1e-18ad-4df0-a3c4-864736b1e4d7",
              "isHook": false,
              "skipped": false
            },
            {
              "title": "xdata upload with wrong file ",
              "fullTitle": "All xdata tests xdata upload with wrong file ",
              "timedOut": null,
              "duration": 5988,
              "state": "passed",
              "speed": "medium",
              "pass": true,
              "fail": false,
              "pending": false,
              "context": null,
              "code": "login.Login('varsha@gmail.com', 'password');\ncy.get('#x-data > .label').click();\ncy.get('#x-data-buckets > .label').click();\ncy.get('.table-header-right-container > :nth-child(1)').should('contain', 'Create New');\ncy.get('.table-header-right-container > :nth-child(1)').click();\ncy.get('input[id=\":rb:\"]').type('test_bucket');\ncy.get('.jss78 > .MuiButtonBase-root').click();\ncy.get('.MuiButtonBase-root').should('have.class', 'MuiButtonBase-root');\ncy.get('.swal2-confirm').click(); // upload\ncy.get('.hoverTextCursor').click();\ncy.get('.box-div > div > .MuiButtonBase-root').selectFile('cypress/fixtures/tintsystem.zip');\ncy.get('[style=\"display: flex; justify-content: end;\"] > .MuiButtonBase-root').click();\ncy.get('.jss104 > .MuiButtonBase-root').click();\ncy.get('#x-data > .label').click();\ncy.get('#x-data-buckets > .label').click(); // Delete\ncy.get('.action-icon').click();\ncy.get('.jss126 > .MuiButtonBase-root').click();\ncy.get('.MuiButtonBase-root').should('have.class', 'MuiButtonBase-root');\ncy.get('.swal2-confirm').click();",
              "err": {},
              "uuid": "0ec4912c-d2e6-4c7a-8b19-aa49cb69f164",
              "parentUUID": "7cd50b1e-18ad-4df0-a3c4-864736b1e4d7",
              "isHook": false,
              "skipped": false
            },
            {
              "title": "xdata downloads log",
              "fullTitle": "All xdata tests xdata downloads log",
              "timedOut": null,
              "duration": 1742,
              "state": "passed",
              "speed": "fast",
              "pass": true,
              "fail": false,
              "pending": false,
              "context": null,
              "code": "login.Login('arathi.vr@simelabs.com', 'password');\ncy.get('#x-data > .label').click();\ncy.get('#x-data-buckets > .label').click();\ncy.get('[style=\"margin-left: 30px;\"]').click();",
              "err": {},
              "uuid": "74e63ab8-f36c-4433-a153-0e237dd70659",
              "parentUUID": "7cd50b1e-18ad-4df0-a3c4-864736b1e4d7",
              "isHook": false,
              "skipped": false
            },
            {
              "title": "xdata upload & download",
              "fullTitle": "All xdata tests xdata upload & download",
              "timedOut": null,
              "duration": 4420,
              "state": "passed",
              "speed": "fast",
              "pass": true,
              "fail": false,
              "pending": false,
              "context": null,
              "code": "login.Login('varsha@gmail.com', 'password');\ncy.get('#x-data > .label').click();\ncy.get('#x-data-buckets > .label').click();\ncy.get('.table-header-right-container > :nth-child(1)').should('contain', 'Create New');\ncy.get('.table-header-right-container > :nth-child(1)').click();\ncy.get('input[id=\":rb:\"]').type('test_bucket');\ncy.get('.jss78 > .MuiButtonBase-root').click();\ncy.get('.MuiButtonBase-root').should('have.class', 'MuiButtonBase-root');\ncy.get('.swal2-confirm').click(); // upload\ncy.get('.hoverTextCursor').click();\ncy.get('.box-div > div > .MuiButtonBase-root').selectFile('cypress/fixtures/2-0.xdata');\ncy.get('[style=\"display: flex; justify-content: end;\"] > .MuiButtonBase-root').click(); // download\ncy.get('.action-icon').click();\ncy.get('#x-data > .label').click();\ncy.get('#x-data-buckets > .label').click(); // Delete\ncy.get('.action-icon').click();\ncy.get('.jss126 > .MuiButtonBase-root').click();\ncy.get('.MuiButtonBase-root').should('have.class', 'MuiButtonBase-root');\ncy.get('.swal2-confirm').click();",
              "err": {},
              "uuid": "6cfab5a2-7bfe-4448-95a5-4eb0bf9f8bd2",
              "parentUUID": "7cd50b1e-18ad-4df0-a3c4-864736b1e4d7",
              "isHook": false,
              "skipped": false
            }
          ],
          "suites": [],
          "passes": [
            "3758565c-d471-4e68-b435-7f4d6da8c4d8",
            "47e0b198-20be-401b-bb82-c59fcb32cba3",
            "c8ca7e77-78de-452d-8f29-eaded99f3cb4",
            "0ec4912c-d2e6-4c7a-8b19-aa49cb69f164",
            "74e63ab8-f36c-4433-a153-0e237dd70659",
            "6cfab5a2-7bfe-4448-95a5-4eb0bf9f8bd2"
          ],
          "failures": [],
          "pending": [],
          "skipped": [],
          "duration": 28654,
          "root": false,
          "rootEmpty": false,
          "_timeout": 2000
        }
      ],
      "passes": [],
      "failures": [],
      "pending": [],
      "skipped": [],
      "duration": 0,
      "root": true,
      "rootEmpty": true,
      "_timeout": 2000
    }
  ],
  "meta": {
    "mocha": {
      "version": "7.0.1"
    },
    "mochawesome": {
      "options": {
        "quiet": false,
        "reportFilename": "mochawesome",
        "saveHtml": false,
        "saveJson": true,
        "consoleReporter": "spec",
        "useInlineDiffs": false,
        "code": true
      },
      "version": "7.1.3"
    },
    "marge": {
      "options": {
        "charts": true,
        "overwrite": false,
        "html": false,
        "JSON": true,
        "reportDir": "cypress/reports"
      },
      "version": "6.2.0"
    }
  }
}