{
  "stats": {
    "suites": 1,
    "tests": 1,
    "passes": 1,
    "pending": 0,
    "failures": 0,
    "start": "2023-01-27T05:54:53.041Z",
    "end": "2023-01-27T05:55:01.982Z",
    "duration": 8941,
    "testsRegistered": 1,
    "passPercent": 100,
    "pendingPercent": 0,
    "other": 0,
    "hasOther": false,
    "skipped": 0,
    "hasSkipped": false
  },
  "results": [
    {
      "uuid": "9a6206cc-9acf-4900-87a2-0c57789b4136",
      "title": "",
      "fullFile": "cypress/e2e/0-Corob/Logout.cy.js",
      "file": "cypress/e2e/0-Corob/Logout.cy.js",
      "beforeHooks": [],
      "afterHooks": [],
      "tests": [],
      "suites": [
        {
          "uuid": "ef014891-4ff9-47a8-abf1-a3115a74720f",
          "title": "Logout test",
          "fullFile": "",
          "file": "",
          "beforeHooks": [],
          "afterHooks": [],
          "tests": [
            {
              "title": "Logout",
              "fullTitle": "Logout test Logout",
              "timedOut": null,
              "duration": 7778,
              "state": "passed",
              "speed": "medium",
              "pass": true,
              "fail": false,
              "pending": false,
              "context": null,
              "code": "login.Login('arathi.vr@simelabs.com', 'password');\ncy.get('.css-ise9rk > div').click();",
              "err": {},
              "uuid": "c3c0c840-f3ef-4455-aeeb-1c477dac52c0",
              "parentUUID": "ef014891-4ff9-47a8-abf1-a3115a74720f",
              "isHook": false,
              "skipped": false
            }
          ],
          "suites": [],
          "passes": [
            "c3c0c840-f3ef-4455-aeeb-1c477dac52c0"
          ],
          "failures": [],
          "pending": [],
          "skipped": [],
          "duration": 7778,
          "root": false,
          "rootEmpty": false,
          "_timeout": 2000
        }
      ],
      "passes": [],
      "failures": [],
      "pending": [],
      "skipped": [],
      "duration": 0,
      "root": true,
      "rootEmpty": true,
      "_timeout": 2000
    }
  ],
  "meta": {
    "mocha": {
      "version": "7.0.1"
    },
    "mochawesome": {
      "options": {
        "quiet": false,
        "reportFilename": "mochawesome",
        "saveHtml": false,
        "saveJson": true,
        "consoleReporter": "spec",
        "useInlineDiffs": false,
        "code": true
      },
      "version": "7.1.3"
    },
    "marge": {
      "options": {
        "charts": true,
        "overwrite": false,
        "html": false,
        "JSON": true,
        "reportDir": "cypress/reports"
      },
      "version": "6.2.0"
    }
  }
}